<?xml version="1.0" encoding="UTF-8"?>
<!-- Generated by org.testng.reporters.JUnitXMLReporter -->
<testsuite ignored="1" hostname="CHDSEZ341528L" failures="5" tests="5" name="BankingTests" time="2.314" errors="0" timestamp="2024-07-29T21:38:09 IST">
  <testcase classname="com.inetBanking.TestCases.TC_LoginTest_001" name="login" time="0.01">
    <failure type="java.lang.NullPointerException" message="Cannot invoke &amp;quot;org.openqa.selenium.WebDriver.get(String)&amp;quot; because &amp;quot;com.inetBanking.TestCases.TC_LoginTest_001.driver&amp;quot; is null">
      <![CDATA[java.lang.NullPointerException: Cannot invoke "org.openqa.selenium.WebDriver.get(String)" because "com.inetBanking.TestCases.TC_LoginTest_001.driver" is null
at com.inetBanking.TestCases.TC_LoginTest_001.login(TC_LoginTest_001.java:16)
at java.base/java.util.concurrent.ThreadPoolExecutor.runWorker(ThreadPoolExecutor.java:1130)
at java.base/java.util.concurrent.ThreadPoolExecutor$Worker.run(ThreadPoolExecutor.java:630)
at java.base/java.lang.Thread.run(Thread.java:831)
... Removed 12 stack frames]]>
    </failure>
  </testcase> <!-- login -->
  <testcase classname="com.inetBanking.TestCases.TC_LoginDDT_002" name="loginDDT" time="0.002">
    <failure type="java.lang.NullPointerException" message="Cannot invoke &amp;quot;org.openqa.selenium.WebDriver.get(String)&amp;quot; because &amp;quot;com.inetBanking.TestCases.TC_LoginDDT_002.driver&amp;quot; is null">
      <![CDATA[java.lang.NullPointerException: Cannot invoke "org.openqa.selenium.WebDriver.get(String)" because "com.inetBanking.TestCases.TC_LoginDDT_002.driver" is null
at com.inetBanking.TestCases.TC_LoginDDT_002.loginDDT(TC_LoginDDT_002.java:21)
at java.base/java.util.concurrent.ThreadPoolExecutor.runWorker(ThreadPoolExecutor.java:1130)
at java.base/java.util.concurrent.ThreadPoolExecutor$Worker.run(ThreadPoolExecutor.java:630)
at java.base/java.lang.Thread.run(Thread.java:831)
... Removed 12 stack frames]]>
    </failure>
  </testcase> <!-- loginDDT -->
  <testcase classname="com.inetBanking.TestCases.TC_LoginDDT_002" name="loginDDT" time="0.002">
    <failure type="java.lang.NullPointerException" message="Cannot invoke &amp;quot;org.openqa.selenium.WebDriver.get(String)&amp;quot; because &amp;quot;com.inetBanking.TestCases.TC_LoginDDT_002.driver&amp;quot; is null">
      <![CDATA[java.lang.NullPointerException: Cannot invoke "org.openqa.selenium.WebDriver.get(String)" because "com.inetBanking.TestCases.TC_LoginDDT_002.driver" is null
at com.inetBanking.TestCases.TC_LoginDDT_002.loginDDT(TC_LoginDDT_002.java:21)
at java.base/java.util.concurrent.ThreadPoolExecutor.runWorker(ThreadPoolExecutor.java:1130)
at java.base/java.util.concurrent.ThreadPoolExecutor$Worker.run(ThreadPoolExecutor.java:630)
at java.base/java.lang.Thread.run(Thread.java:831)
... Removed 12 stack frames]]>
    </failure>
  </testcase> <!-- loginDDT -->
  <testcase classname="com.inetBanking.TestCases.TC_LoginDDT_002" name="loginDDT" time="0.002">
    <failure type="java.lang.NullPointerException" message="Cannot invoke &amp;quot;org.openqa.selenium.WebDriver.get(String)&amp;quot; because &amp;quot;com.inetBanking.TestCases.TC_LoginDDT_002.driver&amp;quot; is null">
      <![CDATA[java.lang.NullPointerException: Cannot invoke "org.openqa.selenium.WebDriver.get(String)" because "com.inetBanking.TestCases.TC_LoginDDT_002.driver" is null
at com.inetBanking.TestCases.TC_LoginDDT_002.loginDDT(TC_LoginDDT_002.java:21)
at java.base/java.util.concurrent.ThreadPoolExecutor.runWorker(ThreadPoolExecutor.java:1130)
at java.base/java.util.concurrent.ThreadPoolExecutor$Worker.run(ThreadPoolExecutor.java:630)
at java.base/java.lang.Thread.run(Thread.java:831)
... Removed 12 stack frames]]>
    </failure>
  </testcase> <!-- loginDDT -->
  <testcase classname="com.inetBanking.TestCases.TC_LoginDDT_002" name="loginDDT" time="0.001">
    <failure type="java.lang.NullPointerException" message="Cannot invoke &amp;quot;org.openqa.selenium.WebDriver.get(String)&amp;quot; because &amp;quot;com.inetBanking.TestCases.TC_LoginDDT_002.driver&amp;quot; is null">
      <![CDATA[java.lang.NullPointerException: Cannot invoke "org.openqa.selenium.WebDriver.get(String)" because "com.inetBanking.TestCases.TC_LoginDDT_002.driver" is null
at com.inetBanking.TestCases.TC_LoginDDT_002.loginDDT(TC_LoginDDT_002.java:21)
at java.base/java.util.concurrent.ThreadPoolExecutor.runWorker(ThreadPoolExecutor.java:1130)
at java.base/java.util.concurrent.ThreadPoolExecutor$Worker.run(ThreadPoolExecutor.java:630)
at java.base/java.lang.Thread.run(Thread.java:831)
... Removed 12 stack frames]]>
    </failure>
  </testcase> <!-- loginDDT -->
  <testcase classname="com.inetBanking.TestCases.TC_AddCustomerTest_003" name="addCustomer" time="0.0">
    <ignored/>
  </testcase> <!-- addCustomer -->
</testsuite> <!-- BankingTests -->
