<?xml version="1.0" encoding="UTF-8"?>
<!-- Generated by org.testng.reporters.JUnitXMLReporter -->
<testsuite ignored="0" hostname="CHDSEZ341528L" failures="0" tests="6" name="BankingTests" time="154.209" errors="0" timestamp="2024-07-28T13:25:00 IST">
  <testcase classname="com.inetBanking.TestCases.TC_LoginTest_001" name="login" time="11.362"/>
  <testcase classname="com.inetBanking.TestCases.TC_LoginDDT_002" name="loginDDT" time="27.31"/>
  <testcase classname="com.inetBanking.TestCases.TC_LoginDDT_002" name="loginDDT" time="20.712"/>
  <testcase classname="com.inetBanking.TestCases.TC_LoginDDT_002" name="loginDDT" time="18.939"/>
  <testcase classname="com.inetBanking.TestCases.TC_LoginDDT_002" name="loginDDT" time="19.624"/>
  <testcase classname="com.inetBanking.TestCases.TC_AddCustomerTest_003" name="addCustomer" time="37.576"/>
</testsuite> <!-- BankingTests -->
